g:\程序设计课程实践\案例代码\第9章\snake_console\snake_console\debug\vc141.pdb
g:\程序设计课程实践\案例代码\第9章\snake_console\snake_console\debug\vc141.idb
g:\程序设计课程实践\案例代码\第9章\snake_console\snake_console\debug\snake_main.obj
g:\程序设计课程实践\案例代码\第9章\snake_console\snake_console\debug\snake.obj
g:\程序设计课程实践\案例代码\第9章\snake_console\debug\snake_console.exe
g:\程序设计课程实践\案例代码\第9章\snake_console\debug\snake_console.ilk
g:\程序设计课程实践\案例代码\第9章\snake_console\debug\snake_console.pdb
g:\程序设计课程实践\教材修订\西电提交稿\案例代码\第7章\snake_console\snake_console\debug\snake.obj
g:\程序设计课程实践\教材修订\西电提交稿\案例代码\第7章\snake_console\snake_console\debug\snake_main.obj
g:\程序设计课程实践\教材修订\西电提交稿\案例代码\第7章\snake_console\snake_console\debug\vc141.idb
g:\程序设计课程实践\教材修订\西电提交稿\案例代码\第7章\snake_console\snake_console\debug\vc141.pdb
g:\程序设计课程实践\教材修订\西电提交稿\案例代码\第7章\snake_console\debug\snake_console.pdb
g:\程序设计课程实践\教材修订\西电提交稿\案例代码\第7章\snake_console\debug\snake_console.exe
g:\程序设计课程实践\教材修订\西电提交稿\案例代码\第7章\snake_console\debug\snake_console.ilk
g:\程序设计课程实践\教材修订\西电提交稿\案例代码\第7章\snake_console\snake_console\debug\snake_console.tlog\cl.command.1.tlog
g:\程序设计课程实践\教材修订\西电提交稿\案例代码\第7章\snake_console\snake_console\debug\snake_console.tlog\cl.read.1.tlog
g:\程序设计课程实践\教材修订\西电提交稿\案例代码\第7章\snake_console\snake_console\debug\snake_console.tlog\cl.write.1.tlog
g:\程序设计课程实践\教材修订\西电提交稿\案例代码\第7章\snake_console\snake_console\debug\snake_console.tlog\link.command.1.tlog
g:\程序设计课程实践\教材修订\西电提交稿\案例代码\第7章\snake_console\snake_console\debug\snake_console.tlog\link.read.1.tlog
g:\程序设计课程实践\教材修订\西电提交稿\案例代码\第7章\snake_console\snake_console\debug\snake_console.tlog\link.write.1.tlog
